Build started 6/26/2014 11:49:55 PM.
     1>Project "C:\Users\Jason\Documents\CSII\FinalProject\FinalProject\FinalProject.vcxproj" on node 2 (Build target(s)).
     1>ClCompile:
         C:\Program Files (x86)\Microsoft Visual Studio 11.0\VC\bin\CL.exe /c /ZI /nologo /W3 /WX- /Od /Oy- /D WIN32 /D _DEBUG /D _CONSOLE /D _UNICODE /D UNICODE /Gm /EHsc /RTC1 /MDd /GS /fp:precise /Zc:wchar_t /Zc:forScope /Fo"Debug\\" /Fd"Debug\vc110.pdb" /Gd /TP /analyze- /errorReport:prompt FinalProjectcpp.cpp
         FinalProjectcpp.cpp
     1>c:\users\jason\documents\csii\finalproject\finalproject\functions.h(88): warning C4018: '<' : signed/unsigned mismatch
     1>c:\users\jason\documents\csii\finalproject\finalproject\functions.h(160): warning C4018: '<' : signed/unsigned mismatch
     1>c:\users\jason\documents\csii\finalproject\finalproject\functions.h(189): warning C4018: '<' : signed/unsigned mismatch
     1>c:\users\jason\documents\csii\finalproject\finalproject\functions.h(212): warning C4018: '<' : signed/unsigned mismatch
     1>c:\users\jason\documents\csii\finalproject\finalproject\functions.h(233): warning C4018: '<' : signed/unsigned mismatch
     1>c:\users\jason\documents\csii\finalproject\finalproject\functions.h(242): warning C4018: '<' : signed/unsigned mismatch
     1>c:\users\jason\documents\csii\finalproject\finalproject\functions.h(108): warning C4244: 'argument' : conversion from 'time_t' to 'unsigned int', possible loss of data
                 c:\users\jason\documents\csii\finalproject\finalproject\functions.h(154) : see reference to function template instantiation 'void random<Cplusplus>(std::vector<_Ty> &)' being compiled
                 with
                 [
                     _Ty=Cplusplus
                 ]
     1>c:\users\jason\documents\csii\finalproject\finalproject\functions.h(113): warning C4018: '<' : signed/unsigned mismatch
     1>c:\users\jason\documents\csii\finalproject\finalproject\functions.h(127): warning C4018: '<' : signed/unsigned mismatch
       Link:
         C:\Program Files (x86)\Microsoft Visual Studio 11.0\VC\bin\link.exe /ERRORREPORT:PROMPT /OUT:"C:\Users\Jason\Documents\CSII\FinalProject\Debug\FinalProject.exe" /INCREMENTAL /NOLOGO kernel32.lib user32.lib gdi32.lib winspool.lib comdlg32.lib advapi32.lib shell32.lib ole32.lib oleaut32.lib uuid.lib odbc32.lib odbccp32.lib /MANIFEST /MANIFESTUAC:"level='asInvoker' uiAccess='false'" /manifest:embed /DEBUG /PDB:"C:\Users\Jason\Documents\CSII\FinalProject\Debug\FinalProject.pdb" /SUBSYSTEM:CONSOLE /TLBID:1 /DYNAMICBASE /NXCOMPAT /IMPLIB:"C:\Users\Jason\Documents\CSII\FinalProject\Debug\FinalProject.lib" /MACHINE:X86 Debug\FinalProjectcpp.obj
         FinalProject.vcxproj -> C:\Users\Jason\Documents\CSII\FinalProject\Debug\FinalProject.exe
     1>Done Building Project "C:\Users\Jason\Documents\CSII\FinalProject\FinalProject\FinalProject.vcxproj" (Build target(s)).

Build succeeded.

Time Elapsed 00:00:01.68
